# JRE version: OpenJDK Runtime Environment (21.0.6) (build 21.0.6+-13391695-b895.109)
# Java VM: OpenJDK 64-Bit Server VM (21.0.6+-13391695-b895.109, mixed mode, tiered, compressed oops, compressed class ptrs, g1 gc, windows-amd64)
GC Precious Log:
 CardTable entry size: 512
 Card Set container configuration: InlinePtr #cards 5 size 8 Array Of Cards #cards 12 size 40 Howl #buckets 4 coarsen threshold 1843 Howl Bitmap #cards 512 size 80 coarsen threshold 460 Card regions per heap region 1 cards per card region 2048
 CPUs: 8 total, 8 available
 Memory: 7582M
 Large Page Support: Disabled
 NUMA Support: Disabled
 Compressed Oops: Enabled (32-bit)
 Heap Region Size: 1M
 Heap Min Capacity: 8M
 Heap Initial Capacity: 120M
 Heap Max Capacity: 2G
 Pre-touch: Disabled
 Parallel Workers: 8
 Concurrent Workers: 2
 Concurrent Refinement Workers: 8
 Periodic GC: Disabled
Heap:
 garbage-first heap   total 129024K, used 71611K [0x0000000080000000, 0x0000000100000000)
  region size 1024K, 2 young (2048K), 2 survivors (2048K)
 Metaspace       used 79641K, committed 81408K, reserved 1179648K
  class space    used 10651K, committed 11520K, reserved 1048576K
GC Heap History (20 events):
Event: 8.493 GC heap after
{Heap after GC invocations=17 (full 0):
 garbage-first heap   total 68608K, used 40158K [0x0000000080000000, 0x0000000100000000)
  region size 1024K, 4 young (4096K), 4 survivors (4096K)
 Metaspace       used 58049K, committed 59648K, reserved 1114112K
  class space    used 7931K, committed 8704K, reserved 1048576K
}
Event: 8.781 GC heap before
{Heap before GC invocations=17 (full 0):
 garbage-first heap   total 68608K, used 58590K [0x0000000080000000, 0x0000000100000000)
  region size 1024K, 23 young (23552K), 4 survivors (4096K)
 Metaspace       used 60669K, committed 62208K, reserved 1114112K
  class space    used 8254K, committed 9024K, reserved 1048576K
}
Event: 8.785 GC heap after
{Heap after GC invocations=18 (full 0):
 garbage-first heap   total 68608K, used 40882K [0x0000000080000000, 0x0000000100000000)
  region size 1024K, 1 young (1024K), 1 survivors (1024K)
 Metaspace       used 60669K, committed 62208K, reserved 1114112K
  class space    used 8254K, committed 9024K, reserved 1048576K
}
Event: 9.020 GC heap before
{Heap before GC invocations=18 (full 0):
 garbage-first heap   total 68608K, used 60338K [0x0000000080000000, 0x0000000100000000)
  region size 1024K, 22 young (22528K), 1 survivors (1024K)
 Metaspace       used 62863K, committed 64384K, reserved 1114112K
  class space    used 8521K, committed 9280K, reserved 1048576K
}
Event: 9.022 GC heap after
{Heap after GC invocations=19 (full 0):
 garbage-first heap   total 68608K, used 42220K [0x0000000080000000, 0x0000000100000000)
  region size 1024K, 3 young (3072K), 3 survivors (3072K)
 Metaspace       used 62863K, committed 64384K, reserved 1114112K
  class space    used 8521K, committed 9280K, reserved 1048576K
}
Event: 9.376 GC heap before
{Heap before GC invocations=20 (full 0):
 garbage-first heap   total 75776K, used 71916K [0x0000000080000000, 0x0000000100000000)
  region size 1024K, 20 young (20480K), 3 survivors (3072K)
 Metaspace       used 63552K, committed 65152K, reserved 1114112K
  class space    used 8626K, committed 9408K, reserved 1048576K
}
Event: 9.382 GC heap after
{Heap after GC invocations=21 (full 0):
 garbage-first heap   total 83968K, used 61501K [0x0000000080000000, 0x0000000100000000)
  region size 1024K, 3 young (3072K), 3 survivors (3072K)
 Metaspace       used 63552K, committed 65152K, reserved 1114112K
  class space    used 8626K, committed 9408K, reserved 1048576K
}
Event: 9.521 GC heap before
{Heap before GC invocations=21 (full 0):
 garbage-first heap   total 83968K, used 73789K [0x0000000080000000, 0x0000000100000000)
  region size 1024K, 16 young (16384K), 3 survivors (3072K)
 Metaspace       used 64520K, committed 66112K, reserved 1114112K
  class space    used 8736K, committed 9536K, reserved 1048576K
}
Event: 9.525 GC heap after
{Heap after GC invocations=22 (full 0):
 garbage-first heap   total 101376K, used 62619K [0x0000000080000000, 0x0000000100000000)
  region size 1024K, 2 young (2048K), 2 survivors (2048K)
 Metaspace       used 64520K, committed 66112K, reserved 1114112K
  class space    used 8736K, committed 9536K, reserved 1048576K
}
Event: 9.819 GC heap before
{Heap before GC invocations=22 (full 0):
 garbage-first heap   total 101376K, used 83099K [0x0000000080000000, 0x0000000100000000)
  region size 1024K, 23 young (23552K), 2 survivors (2048K)
 Metaspace       used 66454K, committed 68096K, reserved 1114112K
  class space    used 9014K, committed 9856K, reserved 1048576K
}
Event: 9.821 GC heap after
{Heap after GC invocations=23 (full 0):
 garbage-first heap   total 101376K, used 63357K [0x0000000080000000, 0x0000000100000000)
  region size 1024K, 3 young (3072K), 3 survivors (3072K)
 Metaspace       used 66454K, committed 68096K, reserved 1114112K
  class space    used 9014K, committed 9856K, reserved 1048576K
}
Event: 10.081 GC heap before
{Heap before GC invocations=24 (full 0):
 garbage-first heap   total 107520K, used 84861K [0x0000000080000000, 0x0000000100000000)
  region size 1024K, 25 young (25600K), 3 survivors (3072K)
 Metaspace       used 69010K, committed 70656K, reserved 1114112K
  class space    used 9299K, committed 10112K, reserved 1048576K
}
Event: 10.083 GC heap after
{Heap after GC invocations=25 (full 0):
 garbage-first heap   total 107520K, used 63797K [0x0000000080000000, 0x0000000100000000)
  region size 1024K, 3 young (3072K), 3 survivors (3072K)
 Metaspace       used 69010K, committed 70656K, reserved 1114112K
  class space    used 9299K, committed 10112K, reserved 1048576K
}
Event: 10.475 GC heap before
{Heap before GC invocations=25 (full 0):
 garbage-first heap   total 107520K, used 90421K [0x0000000080000000, 0x0000000100000000)
  region size 1024K, 30 young (30720K), 3 survivors (3072K)
 Metaspace       used 71745K, committed 73472K, reserved 1114112K
  class space    used 9644K, committed 10496K, reserved 1048576K
}
Event: 10.479 GC heap after
{Heap after GC invocations=26 (full 0):
 garbage-first heap   total 107520K, used 64631K [0x0000000080000000, 0x0000000100000000)
  region size 1024K, 3 young (3072K), 3 survivors (3072K)
 Metaspace       used 71745K, committed 73472K, reserved 1114112K
  class space    used 9644K, committed 10496K, reserved 1048576K
}
Event: 10.825 GC heap before
{Heap before GC invocations=26 (full 0):
 garbage-first heap   total 107520K, used 88183K [0x0000000080000000, 0x0000000100000000)
  region size 1024K, 27 young (27648K), 3 survivors (3072K)
 Metaspace       used 75950K, committed 77696K, reserved 1179648K
  class space    used 10185K, committed 11072K, reserved 1048576K
}
Event: 10.829 GC heap after
{Heap after GC invocations=27 (full 0):
 garbage-first heap   total 107520K, used 67019K [0x0000000080000000, 0x0000000100000000)
  region size 1024K, 4 young (4096K), 4 survivors (4096K)
 Metaspace       used 75950K, committed 77696K, reserved 1179648K
  class space    used 10185K, committed 11072K, reserved 1048576K
}
Event: 11.063 GC heap before
{Heap before GC invocations=28 (full 0):
 garbage-first heap   total 122880K, used 100811K [0x0000000080000000, 0x0000000100000000)
  region size 1024K, 31 young (31744K), 4 survivors (4096K)
 Metaspace       used 77135K, committed 78912K, reserved 1179648K
  class space    used 10341K, committed 11200K, reserved 1048576K
}
Event: 11.067 GC heap after
{Heap after GC invocations=29 (full 0):
 garbage-first heap   total 122880K, used 70485K [0x0000000080000000, 0x0000000100000000)
  region size 1024K, 4 young (4096K), 4 survivors (4096K)
 Metaspace       used 77135K, committed 78912K, reserved 1179648K
  class space    used 10341K, committed 11200K, reserved 1048576K
}
Event: 11.440 GC heap before
{Heap before GC invocations=29 (full 0):
 garbage-first heap   total 122880K, used 104277K [0x0000000080000000, 0x0000000100000000)
  region size 1024K, 37 young (37888K), 4 survivors (4096K)
 Metaspace       used 79641K, committed 81408K, reserved 1179648K
  class space    used 10651K, committed 11520K, reserved 1048576K
}

