GC Precious Log:
 CardTable entry size: 512
 Card Set container configuration: InlinePtr #cards 5 size 8 Array Of Cards #cards 12 size 40 Howl #buckets 4 coarsen threshold 1843 Howl Bitmap #cards 512 size 80 coarsen threshold 460 Card regions per heap region 1 cards per card region 2048
 CPUs: 8 total, 8 available
 Memory: 7582M
 Large Page Support: Disabled
 NUMA Support: Disabled
 Compressed Oops: Enabled (32-bit)
 Heap Region Size: 1M
 Heap Min Capacity: 8M
 Heap Initial Capacity: 120M
 Heap Max Capacity: 256M
 Pre-touch: Disabled
 Parallel Workers: 8
 Concurrent Workers: 2
 Concurrent Refinement Workers: 8
 Periodic GC: Disabled
Heap:
 garbage-first heap   total 214016K, used 187821K [0x00000000f0000000, 0x0000000100000000)
  region size 1024K, 56 young (57344K), 6 survivors (6144K)
 Metaspace       used 87627K, committed 89664K, reserved 1179648K
  class space    used 11803K, committed 12864K, reserved 1048576K
GC Heap History (20 events):
Event: 13.554 GC heap before
{Heap before GC invocations=39 (full 0):
 garbage-first heap   total 96256K, used 85988K [0x00000000f0000000, 0x0000000100000000)
  region size 1024K, 31 young (31744K), 2 survivors (2048K)
 Metaspace       used 79535K, committed 81344K, reserved 1179648K
  class space    used 10727K, committed 11648K, reserved 1048576K
}
Event: 13.557 GC heap after
{Heap after GC invocations=40 (full 0):
 garbage-first heap   total 96256K, used 57603K [0x00000000f0000000, 0x0000000100000000)
  region size 1024K, 3 young (3072K), 3 survivors (3072K)
 Metaspace       used 79535K, committed 81344K, reserved 1179648K
  class space    used 10727K, committed 11648K, reserved 1048576K
}
Event: 13.752 GC heap before
{Heap before GC invocations=40 (full 0):
 garbage-first heap   total 96256K, used 85251K [0x00000000f0000000, 0x0000000100000000)
  region size 1024K, 31 young (31744K), 3 survivors (3072K)
 Metaspace       used 80201K, committed 81984K, reserved 1179648K
  class space    used 10811K, committed 11712K, reserved 1048576K
}
Event: 13.755 GC heap after
{Heap after GC invocations=41 (full 0):
 garbage-first heap   total 96256K, used 59159K [0x00000000f0000000, 0x0000000100000000)
  region size 1024K, 4 young (4096K), 4 survivors (4096K)
 Metaspace       used 80201K, committed 81984K, reserved 1179648K
  class space    used 10811K, committed 11712K, reserved 1048576K
}
Event: 14.213 GC heap before
{Heap before GC invocations=42 (full 0):
 garbage-first heap   total 104448K, used 97047K [0x00000000f0000000, 0x0000000100000000)
  region size 1024K, 29 young (29696K), 4 survivors (4096K)
 Metaspace       used 81219K, committed 83136K, reserved 1179648K
  class space    used 10961K, committed 11904K, reserved 1048576K
}
Event: 14.218 GC heap after
{Heap after GC invocations=43 (full 0):
 garbage-first heap   total 110592K, used 79360K [0x00000000f0000000, 0x0000000100000000)
  region size 1024K, 4 young (4096K), 4 survivors (4096K)
 Metaspace       used 81219K, committed 83136K, reserved 1179648K
  class space    used 10961K, committed 11904K, reserved 1048576K
}
Event: 14.477 GC heap before
{Heap before GC invocations=43 (full 0):
 garbage-first heap   total 110592K, used 98816K [0x00000000f0000000, 0x0000000100000000)
  region size 1024K, 24 young (24576K), 4 survivors (4096K)
 Metaspace       used 82739K, committed 84608K, reserved 1179648K
  class space    used 11159K, committed 12096K, reserved 1048576K
}
Event: 14.482 GC heap after
{Heap after GC invocations=44 (full 0):
 garbage-first heap   total 110592K, used 81140K [0x00000000f0000000, 0x0000000100000000)
  region size 1024K, 2 young (2048K), 2 survivors (2048K)
 Metaspace       used 82739K, committed 84608K, reserved 1179648K
  class space    used 11159K, committed 12096K, reserved 1048576K
}
Event: 14.830 GC heap before
{Heap before GC invocations=44 (full 0):
 garbage-first heap   total 110592K, used 99572K [0x00000000f0000000, 0x0000000100000000)
  region size 1024K, 21 young (21504K), 2 survivors (2048K)
 Metaspace       used 84560K, committed 86400K, reserved 1179648K
  class space    used 11420K, committed 12352K, reserved 1048576K
}
Event: 14.833 GC heap after
{Heap after GC invocations=45 (full 0):
 garbage-first heap   total 110592K, used 82279K [0x00000000f0000000, 0x0000000100000000)
  region size 1024K, 2 young (2048K), 2 survivors (2048K)
 Metaspace       used 84560K, committed 86400K, reserved 1179648K
  class space    used 11420K, committed 12352K, reserved 1048576K
}
Event: 16.021 GC heap before
{Heap before GC invocations=46 (full 0):
 garbage-first heap   total 140288K, used 125287K [0x00000000f0000000, 0x0000000100000000)
  region size 1024K, 18 young (18432K), 2 survivors (2048K)
 Metaspace       used 85563K, committed 87424K, reserved 1179648K
  class space    used 11589K, committed 12544K, reserved 1048576K
}
Event: 16.025 GC heap after
{Heap after GC invocations=47 (full 0):
 garbage-first heap   total 140288K, used 114348K [0x00000000f0000000, 0x0000000100000000)
  region size 1024K, 3 young (3072K), 3 survivors (3072K)
 Metaspace       used 85563K, committed 87424K, reserved 1179648K
  class space    used 11589K, committed 12544K, reserved 1048576K
}
Event: 16.652 GC heap before
{Heap before GC invocations=47 (full 0):
 garbage-first heap   total 140288K, used 130732K [0x00000000f0000000, 0x0000000100000000)
  region size 1024K, 17 young (17408K), 3 survivors (3072K)
 Metaspace       used 85951K, committed 87936K, reserved 1179648K
  class space    used 11650K, committed 12672K, reserved 1048576K
}
Event: 16.658 GC heap after
{Heap after GC invocations=48 (full 0):
 garbage-first heap   total 140288K, used 119167K [0x00000000f0000000, 0x0000000100000000)
  region size 1024K, 3 young (3072K), 3 survivors (3072K)
 Metaspace       used 85951K, committed 87936K, reserved 1179648K
  class space    used 11650K, committed 12672K, reserved 1048576K
}
Event: 17.494 GC heap before
{Heap before GC invocations=48 (full 0):
 garbage-first heap   total 140288K, used 121215K [0x00000000f0000000, 0x0000000100000000)
  region size 1024K, 7 young (7168K), 3 survivors (3072K)
 Metaspace       used 85961K, committed 87936K, reserved 1179648K
  class space    used 11651K, committed 12672K, reserved 1048576K
}
Event: 17.497 GC heap after
{Heap after GC invocations=49 (full 0):
 garbage-first heap   total 140288K, used 120212K [0x00000000f0000000, 0x0000000100000000)
  region size 1024K, 1 young (1024K), 1 survivors (1024K)
 Metaspace       used 85961K, committed 87936K, reserved 1179648K
  class space    used 11651K, committed 12672K, reserved 1048576K
}
Event: 17.613 GC heap before
{Heap before GC invocations=50 (full 0):
 garbage-first heap   total 214016K, used 142740K [0x00000000f0000000, 0x0000000100000000)
  region size 1024K, 10 young (10240K), 1 survivors (1024K)
 Metaspace       used 86551K, committed 88576K, reserved 1179648K
  class space    used 11712K, committed 12736K, reserved 1048576K
}
Event: 17.615 GC heap after
{Heap after GC invocations=51 (full 0):
 garbage-first heap   total 214016K, used 135899K [0x00000000f0000000, 0x0000000100000000)
  region size 1024K, 2 young (2048K), 2 survivors (2048K)
 Metaspace       used 86551K, committed 88576K, reserved 1179648K
  class space    used 11712K, committed 12736K, reserved 1048576K
}
Event: 18.015 GC heap before
{Heap before GC invocations=51 (full 0):
 garbage-first heap   total 214016K, used 186075K [0x00000000f0000000, 0x0000000100000000)
  region size 1024K, 52 young (53248K), 2 survivors (2048K)
 Metaspace       used 87293K, committed 89344K, reserved 1179648K
  class space    used 11788K, committed 12864K, reserved 1048576K
}
Event: 18.021 GC heap after
{Heap after GC invocations=52 (full 0):
 garbage-first heap   total 214016K, used 137645K [0x00000000f0000000, 0x0000000100000000)
  region size 1024K, 6 young (6144K), 6 survivors (6144K)
 Metaspace       used 87293K, committed 89344K, reserved 1179648K
  class space    used 11788K, committed 12864K, reserved 1048576K
}

