# JRE version: OpenJDK Runtime Environment (21.0.6) (build 21.0.6+-13391695-b895.109)
# Java VM: OpenJDK 64-Bit Server VM (21.0.6+-13391695-b895.109, mixed mode, tiered, compressed oops, compressed class ptrs, g1 gc, windows-amd64)
GC Precious Log:
 CardTable entry size: 512
 Card Set container configuration: InlinePtr #cards 5 size 8 Array Of Cards #cards 12 size 40 Howl #buckets 4 coarsen threshold 1843 Howl Bitmap #cards 512 size 80 coarsen threshold 460 Card regions per heap region 1 cards per card region 2048
 CPUs: 8 total, 8 available
 Memory: 7582M
 Large Page Support: Disabled
 NUMA Support: Disabled
 Compressed Oops: Enabled (32-bit)
 Heap Region Size: 1M
 Heap Min Capacity: 8M
 Heap Initial Capacity: 120M
 Heap Max Capacity: 512M
 Pre-touch: Disabled
 Parallel Workers: 8
 Concurrent Workers: 2
 Concurrent Refinement Workers: 8
 Periodic GC: Disabled
Heap:
 garbage-first heap   total 121856K, used 82047K [0x00000000e0000000, 0x0000000100000000)
  region size 1024K, 14 young (14336K), 1 survivors (1024K)
 Metaspace       used 51973K, committed 53312K, reserved 1114112K
  class space    used 6860K, committed 7552K, reserved 1048576K
GC Heap History (20 events):
Event: 4.361 GC heap before
{Heap before GC invocations=9 (full 0):
 garbage-first heap   total 77824K, used 68608K [0x00000000e0000000, 0x0000000100000000)
  region size 1024K, 13 young (13312K), 4 survivors (4096K)
 Metaspace       used 34430K, committed 35200K, reserved 1114112K
  class space    used 4614K, committed 4992K, reserved 1048576K
}
Event: 4.364 GC heap after
{Heap after GC invocations=10 (full 0):
 garbage-first heap   total 77824K, used 59582K [0x00000000e0000000, 0x0000000100000000)
  region size 1024K, 1 young (1024K), 1 survivors (1024K)
 Metaspace       used 34430K, committed 35200K, reserved 1114112K
  class space    used 4614K, committed 4992K, reserved 1048576K
}
Event: 4.514 GC heap before
{Heap before GC invocations=10 (full 0):
 garbage-first heap   total 77824K, used 69822K [0x00000000e0000000, 0x0000000100000000)
  region size 1024K, 11 young (11264K), 1 survivors (1024K)
 Metaspace       used 35784K, committed 36672K, reserved 1114112K
  class space    used 4847K, committed 5248K, reserved 1048576K
}
Event: 4.515 GC heap after
{Heap after GC invocations=11 (full 0):
 garbage-first heap   total 77824K, used 59978K [0x00000000e0000000, 0x0000000100000000)
  region size 1024K, 1 young (1024K), 1 survivors (1024K)
 Metaspace       used 35784K, committed 36672K, reserved 1114112K
  class space    used 4847K, committed 5248K, reserved 1048576K
}
Event: 4.671 GC heap before
{Heap before GC invocations=12 (full 0):
 garbage-first heap   total 101376K, used 70218K [0x00000000e0000000, 0x0000000100000000)
  region size 1024K, 11 young (11264K), 1 survivors (1024K)
 Metaspace       used 36950K, committed 37952K, reserved 1114112K
  class space    used 5048K, committed 5504K, reserved 1048576K
}
Event: 4.673 GC heap after
{Heap after GC invocations=13 (full 0):
 garbage-first heap   total 101376K, used 60612K [0x00000000e0000000, 0x0000000100000000)
  region size 1024K, 2 young (2048K), 2 survivors (2048K)
 Metaspace       used 36950K, committed 37952K, reserved 1114112K
  class space    used 5048K, committed 5504K, reserved 1048576K
}
Event: 5.104 GC heap before
{Heap before GC invocations=13 (full 0):
 garbage-first heap   total 101376K, used 87236K [0x00000000e0000000, 0x0000000100000000)
  region size 1024K, 29 young (29696K), 2 survivors (2048K)
 Metaspace       used 41412K, committed 42624K, reserved 1114112K
  class space    used 5726K, committed 6336K, reserved 1048576K
}
Event: 5.108 GC heap after
{Heap after GC invocations=14 (full 0):
 garbage-first heap   total 101376K, used 61833K [0x00000000e0000000, 0x0000000100000000)
  region size 1024K, 4 young (4096K), 4 survivors (4096K)
 Metaspace       used 41412K, committed 42624K, reserved 1114112K
  class space    used 5726K, committed 6336K, reserved 1048576K
}
Event: 5.540 GC heap before
{Heap before GC invocations=14 (full 0):
 garbage-first heap   total 101376K, used 87433K [0x00000000e0000000, 0x0000000100000000)
  region size 1024K, 30 young (30720K), 4 survivors (4096K)
 Metaspace       used 46585K, committed 47808K, reserved 1114112K
  class space    used 6217K, committed 6848K, reserved 1048576K
}
Event: 5.546 GC heap after
{Heap after GC invocations=15 (full 0):
 garbage-first heap   total 101376K, used 65032K [0x00000000e0000000, 0x0000000100000000)
  region size 1024K, 4 young (4096K), 4 survivors (4096K)
 Metaspace       used 46585K, committed 47808K, reserved 1114112K
  class space    used 6217K, committed 6848K, reserved 1048576K
}
Event: 5.843 GC heap before
{Heap before GC invocations=16 (full 0):
 garbage-first heap   total 109568K, used 94728K [0x00000000e0000000, 0x0000000100000000)
  region size 1024K, 29 young (29696K), 4 survivors (4096K)
 Metaspace       used 48304K, committed 49600K, reserved 1114112K
  class space    used 6338K, committed 6976K, reserved 1048576K
}
Event: 5.849 GC heap after
{Heap after GC invocations=17 (full 0):
 garbage-first heap   total 109568K, used 68480K [0x00000000e0000000, 0x0000000100000000)
  region size 1024K, 4 young (4096K), 4 survivors (4096K)
 Metaspace       used 48304K, committed 49600K, reserved 1114112K
  class space    used 6338K, committed 6976K, reserved 1048576K
}
Event: 6.479 GC heap before
{Heap before GC invocations=17 (full 0):
 garbage-first heap   total 109568K, used 96128K [0x00000000e0000000, 0x0000000100000000)
  region size 1024K, 32 young (32768K), 4 survivors (4096K)
 Metaspace       used 51595K, committed 52928K, reserved 1114112K
  class space    used 6839K, committed 7488K, reserved 1048576K
}
Event: 6.484 GC heap after
{Heap after GC invocations=18 (full 0):
 garbage-first heap   total 109568K, used 70624K [0x00000000e0000000, 0x0000000100000000)
  region size 1024K, 3 young (3072K), 3 survivors (3072K)
 Metaspace       used 51595K, committed 52928K, reserved 1114112K
  class space    used 6839K, committed 7488K, reserved 1048576K
}
Event: 6.493 GC heap before
{Heap before GC invocations=18 (full 0):
 garbage-first heap   total 109568K, used 70624K [0x00000000e0000000, 0x0000000100000000)
  region size 1024K, 4 young (4096K), 3 survivors (3072K)
 Metaspace       used 51595K, committed 52928K, reserved 1114112K
  class space    used 6839K, committed 7488K, reserved 1048576K
}
Event: 6.496 GC heap after
{Heap after GC invocations=19 (full 0):
 garbage-first heap   total 109568K, used 70281K [0x00000000e0000000, 0x0000000100000000)
  region size 1024K, 1 young (1024K), 1 survivors (1024K)
 Metaspace       used 51595K, committed 52928K, reserved 1114112K
  class space    used 6839K, committed 7488K, reserved 1048576K
}
Event: 7.081 GC heap before
{Heap before GC invocations=20 (full 0):
 garbage-first heap   total 121856K, used 99977K [0x00000000e0000000, 0x0000000100000000)
  region size 1024K, 29 young (29696K), 1 survivors (1024K)
 Metaspace       used 51691K, committed 52992K, reserved 1114112K
  class space    used 6840K, committed 7488K, reserved 1048576K
}
Event: 7.083 GC heap after
{Heap after GC invocations=21 (full 0):
 garbage-first heap   total 121856K, used 71028K [0x00000000e0000000, 0x0000000100000000)
  region size 1024K, 1 young (1024K), 1 survivors (1024K)
 Metaspace       used 51691K, committed 52992K, reserved 1114112K
  class space    used 6840K, committed 7488K, reserved 1048576K
}
Event: 7.713 GC heap before
{Heap before GC invocations=21 (full 0):
 garbage-first heap   total 121856K, used 109940K [0x00000000e0000000, 0x0000000100000000)
  region size 1024K, 40 young (40960K), 1 survivors (1024K)
 Metaspace       used 51848K, committed 53184K, reserved 1114112K
  class space    used 6840K, committed 7488K, reserved 1048576K
}
Event: 7.715 GC heap after
{Heap after GC invocations=22 (full 0):
 garbage-first heap   total 121856K, used 69759K [0x00000000e0000000, 0x0000000100000000)
  region size 1024K, 1 young (1024K), 1 survivors (1024K)
 Metaspace       used 51848K, committed 53184K, reserved 1114112K
  class space    used 6840K, committed 7488K, reserved 1048576K
}

