# JRE version: OpenJDK Runtime Environment (21.0.6) (build 21.0.6+-13391695-b895.109)
# Java VM: OpenJDK 64-Bit Server VM (21.0.6+-13391695-b895.109, mixed mode, tiered, compressed oops, compressed class ptrs, g1 gc, windows-amd64)
GC Precious Log:
 CardTable entry size: 512
 Card Set container configuration: InlinePtr #cards 5 size 8 Array Of Cards #cards 12 size 40 Howl #buckets 4 coarsen threshold 1843 Howl Bitmap #cards 512 size 80 coarsen threshold 460 Card regions per heap region 1 cards per card region 2048
 CPUs: 8 total, 8 available
 Memory: 7582M
 Large Page Support: Disabled
 NUMA Support: Disabled
 Compressed Oops: Enabled (32-bit)
 Heap Region Size: 1M
 Heap Min Capacity: 8M
 Heap Initial Capacity: 120M
 Heap Max Capacity: 2G
 Pre-touch: Disabled
 Parallel Workers: 8
 Concurrent Workers: 2
 Concurrent Refinement Workers: 8
 Periodic GC: Disabled
Heap:
 garbage-first heap   total 146432K, used 98773K [0x0000000080000000, 0x0000000100000000)
  region size 1024K, 25 young (25600K), 7 survivors (7168K)
 Metaspace       used 84622K, committed 86400K, reserved 1179648K
  class space    used 11322K, committed 12224K, reserved 1048576K
GC Heap History (20 events):
Event: 7.474 GC heap before
{Heap before GC invocations=14 (full 0):
 garbage-first heap   total 82944K, used 55376K [0x0000000080000000, 0x0000000100000000)
  region size 1024K, 21 young (21504K), 5 survivors (5120K)
 Metaspace       used 58905K, committed 60416K, reserved 1114112K
  class space    used 7996K, committed 8768K, reserved 1048576K
}
Event: 7.479 GC heap after
{Heap after GC invocations=15 (full 0):
 garbage-first heap   total 82944K, used 41714K [0x0000000080000000, 0x0000000100000000)
  region size 1024K, 2 young (2048K), 2 survivors (2048K)
 Metaspace       used 58905K, committed 60416K, reserved 1114112K
  class space    used 7996K, committed 8768K, reserved 1048576K
}
Event: 7.840 GC heap before
{Heap before GC invocations=16 (full 0):
 garbage-first heap   total 82944K, used 73458K [0x0000000080000000, 0x0000000100000000)
  region size 1024K, 33 young (33792K), 2 survivors (2048K)
 Metaspace       used 62842K, committed 64448K, reserved 1114112K
  class space    used 8505K, committed 9280K, reserved 1048576K
}
Event: 7.843 GC heap after
{Heap after GC invocations=17 (full 0):
 garbage-first heap   total 82944K, used 43372K [0x0000000080000000, 0x0000000100000000)
  region size 1024K, 4 young (4096K), 4 survivors (4096K)
 Metaspace       used 62842K, committed 64448K, reserved 1114112K
  class space    used 8505K, committed 9280K, reserved 1048576K
}
Event: 8.315 GC heap before
{Heap before GC invocations=17 (full 0):
 garbage-first heap   total 82944K, used 80236K [0x0000000080000000, 0x0000000100000000)
  region size 1024K, 28 young (28672K), 4 survivors (4096K)
 Metaspace       used 63983K, committed 65536K, reserved 1114112K
  class space    used 8651K, committed 9408K, reserved 1048576K
}
Event: 8.322 GC heap after
{Heap after GC invocations=18 (full 0):
 garbage-first heap   total 94208K, used 62753K [0x0000000080000000, 0x0000000100000000)
  region size 1024K, 4 young (4096K), 4 survivors (4096K)
 Metaspace       used 63983K, committed 65536K, reserved 1114112K
  class space    used 8651K, committed 9408K, reserved 1048576K
}
Event: 8.632 GC heap before
{Heap before GC invocations=18 (full 0):
 garbage-first heap   total 94208K, used 82209K [0x0000000080000000, 0x0000000100000000)
  region size 1024K, 24 young (24576K), 4 survivors (4096K)
 Metaspace       used 65691K, committed 67264K, reserved 1114112K
  class space    used 8907K, committed 9664K, reserved 1048576K
}
Event: 8.636 GC heap after
{Heap after GC invocations=19 (full 0):
 garbage-first heap   total 94208K, used 64996K [0x0000000080000000, 0x0000000100000000)
  region size 1024K, 2 young (2048K), 2 survivors (2048K)
 Metaspace       used 65691K, committed 67264K, reserved 1114112K
  class space    used 8907K, committed 9664K, reserved 1048576K
}
Event: 8.927 GC heap before
{Heap before GC invocations=20 (full 0):
 garbage-first heap   total 109568K, used 83428K [0x0000000080000000, 0x0000000100000000)
  region size 1024K, 21 young (21504K), 2 survivors (2048K)
 Metaspace       used 67684K, committed 69312K, reserved 1114112K
  class space    used 9121K, committed 9984K, reserved 1048576K
}
Event: 8.929 GC heap after
{Heap after GC invocations=21 (full 0):
 garbage-first heap   total 109568K, used 65267K [0x0000000080000000, 0x0000000100000000)
  region size 1024K, 3 young (3072K), 3 survivors (3072K)
 Metaspace       used 67684K, committed 69312K, reserved 1114112K
  class space    used 9121K, committed 9984K, reserved 1048576K
}
Event: 9.403 GC heap before
{Heap before GC invocations=21 (full 0):
 garbage-first heap   total 109568K, used 98035K [0x0000000080000000, 0x0000000100000000)
  region size 1024K, 35 young (35840K), 3 survivors (3072K)
 Metaspace       used 70997K, committed 72640K, reserved 1114112K
  class space    used 9496K, committed 10304K, reserved 1048576K
}
Event: 9.406 GC heap after
{Heap after GC invocations=22 (full 0):
 garbage-first heap   total 109568K, used 64903K [0x0000000080000000, 0x0000000100000000)
  region size 1024K, 3 young (3072K), 3 survivors (3072K)
 Metaspace       used 70997K, committed 72640K, reserved 1114112K
  class space    used 9496K, committed 10304K, reserved 1048576K
}
Event: 9.843 GC heap before
{Heap before GC invocations=22 (full 0):
 garbage-first heap   total 109568K, used 94599K [0x0000000080000000, 0x0000000100000000)
  region size 1024K, 33 young (33792K), 3 survivors (3072K)
 Metaspace       used 75845K, committed 77632K, reserved 1179648K
  class space    used 10147K, committed 11008K, reserved 1048576K
}
Event: 9.847 GC heap after
{Heap after GC invocations=23 (full 0):
 garbage-first heap   total 109568K, used 67896K [0x0000000080000000, 0x0000000100000000)
  region size 1024K, 5 young (5120K), 5 survivors (5120K)
 Metaspace       used 75845K, committed 77632K, reserved 1179648K
  class space    used 10147K, committed 11008K, reserved 1048576K
}
Event: 10.121 GC heap before
{Heap before GC invocations=24 (full 0):
 garbage-first heap   total 121856K, used 102712K [0x0000000080000000, 0x0000000100000000)
  region size 1024K, 33 young (33792K), 5 survivors (5120K)
 Metaspace       used 77121K, committed 78848K, reserved 1179648K
  class space    used 10313K, committed 11136K, reserved 1048576K
}
Event: 10.127 GC heap after
{Heap after GC invocations=25 (full 0):
 garbage-first heap   total 146432K, used 70839K [0x0000000080000000, 0x0000000100000000)
  region size 1024K, 4 young (4096K), 4 survivors (4096K)
 Metaspace       used 77121K, committed 78848K, reserved 1179648K
  class space    used 10313K, committed 11136K, reserved 1048576K
}
Event: 10.820 GC heap before
{Heap before GC invocations=25 (full 0):
 garbage-first heap   total 146432K, used 124087K [0x0000000080000000, 0x0000000100000000)
  region size 1024K, 52 young (53248K), 4 survivors (4096K)
 Metaspace       used 80840K, committed 82624K, reserved 1179648K
  class space    used 10824K, committed 11712K, reserved 1048576K
}
Event: 10.825 GC heap after
{Heap after GC invocations=26 (full 0):
 garbage-first heap   total 146432K, used 77159K [0x0000000080000000, 0x0000000100000000)
  region size 1024K, 7 young (7168K), 7 survivors (7168K)
 Metaspace       used 80840K, committed 82624K, reserved 1179648K
  class space    used 10824K, committed 11712K, reserved 1048576K
}
Event: 11.456 GC heap before
{Heap before GC invocations=26 (full 0):
 garbage-first heap   total 146432K, used 127335K [0x0000000080000000, 0x0000000100000000)
  region size 1024K, 56 young (57344K), 7 survivors (7168K)
 Metaspace       used 84141K, committed 85888K, reserved 1179648K
  class space    used 11264K, committed 12160K, reserved 1048576K
}
Event: 11.462 GC heap after
{Heap after GC invocations=27 (full 0):
 garbage-first heap   total 146432K, used 81365K [0x0000000080000000, 0x0000000100000000)
  region size 1024K, 7 young (7168K), 7 survivors (7168K)
 Metaspace       used 84141K, committed 85888K, reserved 1179648K
  class space    used 11264K, committed 12160K, reserved 1048576K
}

