# JRE version: OpenJDK Runtime Environment Temurin-17.0.16+8 (17.0.16+8) (build 17.0.16+8)
# Java VM: OpenJDK 64-Bit Server VM Temurin-17.0.16+8 (17.0.16+8, mixed mode, sharing, tiered, compressed oops, compressed class ptrs, g1 gc, windows-amd64)
GC Precious Log:
 CPUs: 8 total, 8 available
 Memory: 7582M
 Large Page Support: Disabled
 NUMA Support: Disabled
 Compressed Oops: Enabled (32-bit)
 Heap Region Size: 1M
 Heap Min Capacity: 256M
 Heap Initial Capacity: 256M
 Heap Max Capacity: 1G
 Pre-touch: Disabled
 Parallel Workers: 8
 Concurrent Workers: 2
 Concurrent Refinement Workers: 8
 Periodic GC: Disabled
Heap:
 garbage-first heap   total 262144K, used 140810K [0x00000000c0000000, 0x0000000100000000)
  region size 1024K, 43 young (44032K), 11 survivors (11264K)
 Metaspace       used 97718K, committed 98560K, reserved 1179648K
  class space    used 13433K, committed 13888K, reserved 1048576K
GC Heap History (20 events):
Event: 13.718 GC heap before
{Heap before GC invocations=5 (full 0):
 garbage-first heap   total 262144K, used 31471K [0x00000000c0000000, 0x0000000100000000)
  region size 1024K, 11 young (11264K), 9 survivors (9216K)
 Metaspace       used 35552K, committed 35968K, reserved 1114112K
  class space    used 5001K, committed 5184K, reserved 1048576K
}
Event: 13.725 GC heap after
{Heap after GC invocations=6 (full 0):
 garbage-first heap   total 262144K, used 30179K [0x00000000c0000000, 0x0000000100000000)
  region size 1024K, 9 young (9216K), 9 survivors (9216K)
 Metaspace       used 35552K, committed 35968K, reserved 1114112K
  class space    used 5001K, committed 5184K, reserved 1048576K
}
Event: 20.045 GC heap before
{Heap before GC invocations=7 (full 0):
 garbage-first heap   total 262144K, used 189923K [0x00000000c0000000, 0x0000000100000000)
  region size 1024K, 153 young (156672K), 9 survivors (9216K)
 Metaspace       used 48676K, committed 49152K, reserved 1114112K
  class space    used 6855K, committed 7104K, reserved 1048576K
}
Event: 20.066 GC heap after
{Heap after GC invocations=8 (full 0):
 garbage-first heap   total 262144K, used 56614K [0x00000000c0000000, 0x0000000100000000)
  region size 1024K, 20 young (20480K), 20 survivors (20480K)
 Metaspace       used 48676K, committed 49152K, reserved 1114112K
  class space    used 6855K, committed 7104K, reserved 1048576K
}
Event: 24.553 GC heap before
{Heap before GC invocations=8 (full 0):
 garbage-first heap   total 262144K, used 191782K [0x00000000c0000000, 0x0000000100000000)
  region size 1024K, 148 young (151552K), 20 survivors (20480K)
 Metaspace       used 59539K, committed 60096K, reserved 1114112K
  class space    used 8222K, committed 8512K, reserved 1048576K
}
Event: 24.579 GC heap after
{Heap after GC invocations=9 (full 0):
 garbage-first heap   total 262144K, used 66266K [0x00000000c0000000, 0x0000000100000000)
  region size 1024K, 10 young (10240K), 10 survivors (10240K)
 Metaspace       used 59539K, committed 60096K, reserved 1114112K
  class space    used 8222K, committed 8512K, reserved 1048576K
}
Event: 29.849 GC heap before
{Heap before GC invocations=10 (full 0):
 garbage-first heap   total 262144K, used 203482K [0x00000000c0000000, 0x0000000100000000)
  region size 1024K, 140 young (143360K), 10 survivors (10240K)
 Metaspace       used 68631K, committed 69248K, reserved 1114112K
  class space    used 9433K, committed 9728K, reserved 1048576K
}
Event: 29.863 GC heap after
{Heap after GC invocations=11 (full 0):
 garbage-first heap   total 262144K, used 77174K [0x00000000c0000000, 0x0000000100000000)
  region size 1024K, 16 young (16384K), 16 survivors (16384K)
 Metaspace       used 68631K, committed 69248K, reserved 1114112K
  class space    used 9433K, committed 9728K, reserved 1048576K
}
Event: 29.880 GC heap before
{Heap before GC invocations=11 (full 0):
 garbage-first heap   total 262144K, used 78198K [0x00000000c0000000, 0x0000000100000000)
  region size 1024K, 17 young (17408K), 16 survivors (16384K)
 Metaspace       used 68692K, committed 69312K, reserved 1114112K
  class space    used 9445K, committed 9728K, reserved 1048576K
}
Event: 29.897 GC heap after
{Heap after GC invocations=12 (full 0):
 garbage-first heap   total 262144K, used 77684K [0x00000000c0000000, 0x0000000100000000)
  region size 1024K, 2 young (2048K), 2 survivors (2048K)
 Metaspace       used 68692K, committed 69312K, reserved 1114112K
  class space    used 9445K, committed 9728K, reserved 1048576K
}
Event: 33.643 GC heap before
{Heap before GC invocations=12 (full 0):
 garbage-first heap   total 262144K, used 205684K [0x00000000c0000000, 0x0000000100000000)
  region size 1024K, 126 young (129024K), 2 survivors (2048K)
 Metaspace       used 77275K, committed 77888K, reserved 1179648K
  class space    used 10834K, committed 11136K, reserved 1048576K
}
Event: 33.652 GC heap after
{Heap after GC invocations=13 (full 0):
 garbage-first heap   total 262144K, used 81255K [0x00000000c0000000, 0x0000000100000000)
  region size 1024K, 6 young (6144K), 6 survivors (6144K)
 Metaspace       used 77275K, committed 77888K, reserved 1179648K
  class space    used 10834K, committed 11136K, reserved 1048576K
}
Event: 38.598 GC heap before
{Heap before GC invocations=13 (full 0):
 garbage-first heap   total 262144K, used 207207K [0x00000000c0000000, 0x0000000100000000)
  region size 1024K, 129 young (132096K), 6 survivors (6144K)
 Metaspace       used 86152K, committed 86848K, reserved 1179648K
  class space    used 12039K, committed 12416K, reserved 1048576K
}
Event: 38.617 GC heap after
{Heap after GC invocations=14 (full 0):
 garbage-first heap   total 262144K, used 89176K [0x00000000c0000000, 0x0000000100000000)
  region size 1024K, 14 young (14336K), 14 survivors (14336K)
 Metaspace       used 86152K, committed 86848K, reserved 1179648K
  class space    used 12039K, committed 12416K, reserved 1048576K
}
Event: 43.226 GC heap before
{Heap before GC invocations=14 (full 0):
 garbage-first heap   total 262144K, used 213080K [0x00000000c0000000, 0x0000000100000000)
  region size 1024K, 131 young (134144K), 14 survivors (14336K)
 Metaspace       used 92914K, committed 93568K, reserved 1179648K
  class space    used 12913K, committed 13248K, reserved 1048576K
}
Event: 43.252 GC heap after
{Heap after GC invocations=15 (full 0):
 garbage-first heap   total 262144K, used 99477K [0x00000000c0000000, 0x0000000100000000)
  region size 1024K, 17 young (17408K), 17 survivors (17408K)
 Metaspace       used 92914K, committed 93568K, reserved 1179648K
  class space    used 12913K, committed 13248K, reserved 1048576K
}
Event: 46.199 GC heap before
{Heap before GC invocations=15 (full 0):
 garbage-first heap   total 262144K, used 208021K [0x00000000c0000000, 0x0000000100000000)
  region size 1024K, 124 young (126976K), 17 survivors (17408K)
 Metaspace       used 93737K, committed 94464K, reserved 1179648K
  class space    used 12963K, committed 13312K, reserved 1048576K
}
Event: 46.232 GC heap after
{Heap after GC invocations=16 (full 0):
 garbage-first heap   total 262144K, used 105573K [0x00000000c0000000, 0x0000000100000000)
  region size 1024K, 6 young (6144K), 6 survivors (6144K)
 Metaspace       used 93737K, committed 94464K, reserved 1179648K
  class space    used 12963K, committed 13312K, reserved 1048576K
}
Event: 50.698 GC heap before
{Heap before GC invocations=16 (full 0):
 garbage-first heap   total 262144K, used 211045K [0x00000000c0000000, 0x0000000100000000)
  region size 1024K, 110 young (112640K), 6 survivors (6144K)
 Metaspace       used 97035K, committed 97856K, reserved 1179648K
  class space    used 13344K, committed 13760K, reserved 1048576K
}
Event: 50.711 GC heap after
{Heap after GC invocations=17 (full 0):
 garbage-first heap   total 262144K, used 110090K [0x00000000c0000000, 0x0000000100000000)
  region size 1024K, 11 young (11264K), 11 survivors (11264K)
 Metaspace       used 97035K, committed 97856K, reserved 1179648K
  class space    used 13344K, committed 13760K, reserved 1048576K
}

