# JRE version: OpenJDK Runtime Environment (21.0.6) (build 21.0.6+-13391695-b895.109)
# Java VM: OpenJDK 64-Bit Server VM (21.0.6+-13391695-b895.109, mixed mode, tiered, compressed oops, compressed class ptrs, g1 gc, windows-amd64)
GC Precious Log:
 CardTable entry size: 512
 Card Set container configuration: InlinePtr #cards 5 size 8 Array Of Cards #cards 12 size 40 Howl #buckets 4 coarsen threshold 1843 Howl Bitmap #cards 512 size 80 coarsen threshold 460 Card regions per heap region 1 cards per card region 2048
 CPUs: 8 total, 8 available
 Memory: 7582M
 Large Page Support: Disabled
 NUMA Support: Disabled
 Compressed Oops: Enabled (32-bit)
 Heap Region Size: 1M
 Heap Min Capacity: 8M
 Heap Initial Capacity: 120M
 Heap Max Capacity: 2G
 Pre-touch: Disabled
 Parallel Workers: 8
 Concurrent Workers: 2
 Concurrent Refinement Workers: 8
 Periodic GC: Disabled
Heap:
 garbage-first heap   total 218112K, used 158682K [0x0000000080000000, 0x0000000100000000)
  region size 1024K, 44 young (45056K), 3 survivors (3072K)
 Metaspace       used 110413K, committed 112512K, reserved 1179648K
  class space    used 14916K, committed 15936K, reserved 1048576K
GC Heap History (20 events):
Event: 13.706 GC heap before
{Heap before GC invocations=30 (full 0):
 garbage-first heap   total 137216K, used 125405K [0x0000000080000000, 0x0000000100000000)
  region size 1024K, 44 young (45056K), 3 survivors (3072K)
 Metaspace       used 92141K, committed 94016K, reserved 1179648K
  class space    used 12540K, committed 13440K, reserved 1048576K
}
Event: 13.712 GC heap after
{Heap after GC invocations=31 (full 0):
 garbage-first heap   total 137216K, used 85283K [0x0000000080000000, 0x0000000100000000)
  region size 1024K, 5 young (5120K), 5 survivors (5120K)
 Metaspace       used 92141K, committed 94016K, reserved 1179648K
  class space    used 12540K, committed 13440K, reserved 1048576K
}
Event: 14.271 GC heap before
{Heap before GC invocations=32 (full 0):
 garbage-first heap   total 143360K, used 124195K [0x0000000080000000, 0x0000000100000000)
  region size 1024K, 43 young (44032K), 5 survivors (5120K)
 Metaspace       used 95225K, committed 97152K, reserved 1179648K
  class space    used 12987K, committed 13952K, reserved 1048576K
}
Event: 14.276 GC heap after
{Heap after GC invocations=33 (full 0):
 garbage-first heap   total 143360K, used 88324K [0x0000000080000000, 0x0000000100000000)
  region size 1024K, 5 young (5120K), 5 survivors (5120K)
 Metaspace       used 95225K, committed 97152K, reserved 1179648K
  class space    used 12987K, committed 13952K, reserved 1048576K
}
Event: 14.745 GC heap before
{Heap before GC invocations=33 (full 0):
 garbage-first heap   total 143360K, used 130308K [0x0000000080000000, 0x0000000100000000)
  region size 1024K, 46 young (47104K), 5 survivors (5120K)
 Metaspace       used 98434K, committed 100416K, reserved 1179648K
  class space    used 13472K, committed 14464K, reserved 1048576K
}
Event: 14.754 GC heap after
{Heap after GC invocations=34 (full 0):
 garbage-first heap   total 143360K, used 89872K [0x0000000080000000, 0x0000000100000000)
  region size 1024K, 5 young (5120K), 5 survivors (5120K)
 Metaspace       used 98434K, committed 100416K, reserved 1179648K
  class space    used 13472K, committed 14464K, reserved 1048576K
}
Event: 15.316 GC heap before
{Heap before GC invocations=34 (full 0):
 garbage-first heap   total 143360K, used 130832K [0x0000000080000000, 0x0000000100000000)
  region size 1024K, 45 young (46080K), 5 survivors (5120K)
 Metaspace       used 102002K, committed 104000K, reserved 1179648K
  class space    used 13933K, committed 14976K, reserved 1048576K
}
Event: 15.324 GC heap after
{Heap after GC invocations=35 (full 0):
 garbage-first heap   total 172032K, used 92916K [0x0000000080000000, 0x0000000100000000)
  region size 1024K, 6 young (6144K), 6 survivors (6144K)
 Metaspace       used 102002K, committed 104000K, reserved 1179648K
  class space    used 13933K, committed 14976K, reserved 1048576K
}
Event: 16.323 GC heap before
{Heap before GC invocations=36 (full 0):
 garbage-first heap   total 172032K, used 159476K [0x0000000080000000, 0x0000000100000000)
  region size 1024K, 67 young (68608K), 6 survivors (6144K)
 Metaspace       used 106507K, committed 108544K, reserved 1179648K
  class space    used 14469K, committed 15488K, reserved 1048576K
}
Event: 16.334 GC heap after
{Heap after GC invocations=37 (full 0):
 garbage-first heap   total 174080K, used 99993K [0x0000000080000000, 0x0000000100000000)
  region size 1024K, 9 young (9216K), 9 survivors (9216K)
 Metaspace       used 106507K, committed 108544K, reserved 1179648K
  class space    used 14469K, committed 15488K, reserved 1048576K
}
Event: 16.735 GC heap before
{Heap before GC invocations=37 (full 0):
 garbage-first heap   total 174080K, used 154265K [0x0000000080000000, 0x0000000100000000)
  region size 1024K, 63 young (64512K), 9 survivors (9216K)
 Metaspace       used 107054K, committed 109120K, reserved 1179648K
  class space    used 14551K, committed 15616K, reserved 1048576K
}
Event: 16.744 GC heap after
{Heap after GC invocations=38 (full 0):
 garbage-first heap   total 174080K, used 104826K [0x0000000080000000, 0x0000000100000000)
  region size 1024K, 5 young (5120K), 5 survivors (5120K)
 Metaspace       used 107054K, committed 109120K, reserved 1179648K
  class space    used 14551K, committed 15616K, reserved 1048576K
}
Event: 17.211 GC heap before
{Heap before GC invocations=38 (full 0):
 garbage-first heap   total 174080K, used 158074K [0x0000000080000000, 0x0000000100000000)
  region size 1024K, 58 young (59392K), 5 survivors (5120K)
 Metaspace       used 107587K, committed 109632K, reserved 1179648K
  class space    used 14596K, committed 15616K, reserved 1048576K
}
Event: 17.219 GC heap after
{Heap after GC invocations=39 (full 0):
 garbage-first heap   total 174080K, used 108544K [0x0000000080000000, 0x0000000100000000)
  region size 1024K, 8 young (8192K), 8 survivors (8192K)
 Metaspace       used 107587K, committed 109632K, reserved 1179648K
  class space    used 14596K, committed 15616K, reserved 1048576K
}
Event: 17.686 GC heap before
{Heap before GC invocations=40 (full 0):
 garbage-first heap   total 181248K, used 154624K [0x0000000080000000, 0x0000000100000000)
  region size 1024K, 54 young (55296K), 8 survivors (8192K)
 Metaspace       used 108415K, committed 110464K, reserved 1179648K
  class space    used 14689K, committed 15744K, reserved 1048576K
}
Event: 17.694 GC heap after
{Heap after GC invocations=41 (full 0):
 garbage-first heap   total 181248K, used 111985K [0x0000000080000000, 0x0000000100000000)
  region size 1024K, 4 young (4096K), 4 survivors (4096K)
 Metaspace       used 108415K, committed 110464K, reserved 1179648K
  class space    used 14689K, committed 15744K, reserved 1048576K
}
Event: 18.032 GC heap before
{Heap before GC invocations=41 (full 0):
 garbage-first heap   total 181248K, used 165233K [0x0000000080000000, 0x0000000100000000)
  region size 1024K, 57 young (58368K), 4 survivors (4096K)
 Metaspace       used 109069K, committed 111104K, reserved 1179648K
  class space    used 14766K, committed 15808K, reserved 1048576K
}
Event: 18.040 GC heap after
{Heap after GC invocations=42 (full 0):
 garbage-first heap   total 181248K, used 116509K [0x0000000080000000, 0x0000000100000000)
  region size 1024K, 8 young (8192K), 8 survivors (8192K)
 Metaspace       used 109069K, committed 111104K, reserved 1179648K
  class space    used 14766K, committed 15808K, reserved 1048576K
}
Event: 24.235 GC heap before
{Heap before GC invocations=42 (full 0):
 garbage-first heap   total 181248K, used 161565K [0x0000000080000000, 0x0000000100000000)
  region size 1024K, 53 young (54272K), 8 survivors (8192K)
 Metaspace       used 109456K, committed 111552K, reserved 1179648K
  class space    used 14814K, committed 15872K, reserved 1048576K
}
Event: 24.247 GC heap after
{Heap after GC invocations=43 (full 0):
 garbage-first heap   total 218112K, used 118746K [0x0000000080000000, 0x0000000100000000)
  region size 1024K, 3 young (3072K), 3 survivors (3072K)
 Metaspace       used 109456K, committed 111552K, reserved 1179648K
  class space    used 14814K, committed 15872K, reserved 1048576K
}

