# JRE version: OpenJDK Runtime Environment (21.0.6) (build 21.0.6+-13391695-b895.109)
# Java VM: OpenJDK 64-Bit Server VM (21.0.6+-13391695-b895.109, mixed mode, tiered, compressed oops, compressed class ptrs, g1 gc, windows-amd64)
GC Precious Log:
 CardTable entry size: 512
 Card Set container configuration: InlinePtr #cards 5 size 8 Array Of Cards #cards 12 size 40 Howl #buckets 4 coarsen threshold 1843 Howl Bitmap #cards 512 size 80 coarsen threshold 460 Card regions per heap region 1 cards per card region 2048
 CPUs: 8 total, 8 available
 Memory: 7582M
 Large Page Support: Disabled
 NUMA Support: Disabled
 Compressed Oops: Enabled (32-bit)
 Heap Region Size: 1M
 Heap Min Capacity: 8M
 Heap Initial Capacity: 120M
 Heap Max Capacity: 2G
 Pre-touch: Disabled
 Parallel Workers: 8
 Concurrent Workers: 2
 Concurrent Refinement Workers: 8
 Periodic GC: Disabled
Heap:
 garbage-first heap   total 186368K, used 128642K [0x0000000080000000, 0x0000000100000000)
  region size 1024K, 26 young (26624K), 7 survivors (7168K)
 Metaspace       used 111203K, committed 113152K, reserved 1179648K
  class space    used 15011K, committed 16000K, reserved 1048576K
GC Heap History (20 events):
Event: 12.874 GC heap before
{Heap before GC invocations=27 (full 0):
 garbage-first heap   total 150528K, used 89499K [0x0000000080000000, 0x0000000100000000)
  region size 1024K, 15 young (15360K), 7 survivors (7168K)
 Metaspace       used 86932K, committed 88832K, reserved 1179648K
  class space    used 11637K, committed 12608K, reserved 1048576K
}
Event: 12.879 GC heap after
{Heap after GC invocations=28 (full 0):
 garbage-first heap   total 150528K, used 83188K [0x0000000080000000, 0x0000000100000000)
  region size 1024K, 4 young (4096K), 4 survivors (4096K)
 Metaspace       used 86932K, committed 88832K, reserved 1179648K
  class space    used 11637K, committed 12608K, reserved 1048576K
}
Event: 13.557 GC heap before
{Heap before GC invocations=29 (full 0):
 garbage-first heap   total 150528K, used 137460K [0x0000000080000000, 0x0000000100000000)
  region size 1024K, 56 young (57344K), 4 survivors (4096K)
 Metaspace       used 90849K, committed 92672K, reserved 1179648K
  class space    used 12355K, committed 13312K, reserved 1048576K
}
Event: 13.561 GC heap after
{Heap after GC invocations=30 (full 0):
 garbage-first heap   total 150528K, used 84675K [0x0000000080000000, 0x0000000100000000)
  region size 1024K, 6 young (6144K), 6 survivors (6144K)
 Metaspace       used 90849K, committed 92672K, reserved 1179648K
  class space    used 12355K, committed 13312K, reserved 1048576K
}
Event: 14.305 GC heap before
{Heap before GC invocations=30 (full 0):
 garbage-first heap   total 150528K, used 134851K [0x0000000080000000, 0x0000000100000000)
  region size 1024K, 55 young (56320K), 6 survivors (6144K)
 Metaspace       used 94467K, committed 96320K, reserved 1179648K
  class space    used 12861K, committed 13824K, reserved 1048576K
}
Event: 14.311 GC heap after
{Heap after GC invocations=31 (full 0):
 garbage-first heap   total 150528K, used 87235K [0x0000000080000000, 0x0000000100000000)
  region size 1024K, 6 young (6144K), 6 survivors (6144K)
 Metaspace       used 94467K, committed 96320K, reserved 1179648K
  class space    used 12861K, committed 13824K, reserved 1048576K
}
Event: 14.917 GC heap before
{Heap before GC invocations=31 (full 0):
 garbage-first heap   total 150528K, used 135363K [0x0000000080000000, 0x0000000100000000)
  region size 1024K, 53 young (54272K), 6 survivors (6144K)
 Metaspace       used 98387K, committed 100352K, reserved 1179648K
  class space    used 13440K, committed 14400K, reserved 1048576K
}
Event: 14.923 GC heap after
{Heap after GC invocations=32 (full 0):
 garbage-first heap   total 150528K, used 90004K [0x0000000080000000, 0x0000000100000000)
  region size 1024K, 6 young (6144K), 6 survivors (6144K)
 Metaspace       used 98387K, committed 100352K, reserved 1179648K
  class space    used 13440K, committed 14400K, reserved 1048576K
}
Event: 15.551 GC heap before
{Heap before GC invocations=33 (full 0):
 garbage-first heap   total 150528K, used 136084K [0x0000000080000000, 0x0000000100000000)
  region size 1024K, 51 young (52224K), 6 survivors (6144K)
 Metaspace       used 102172K, committed 104192K, reserved 1179648K
  class space    used 13947K, committed 14976K, reserved 1048576K
}
Event: 15.557 GC heap after
{Heap after GC invocations=34 (full 0):
 garbage-first heap   total 150528K, used 92931K [0x0000000080000000, 0x0000000100000000)
  region size 1024K, 6 young (6144K), 6 survivors (6144K)
 Metaspace       used 102172K, committed 104192K, reserved 1179648K
  class space    used 13947K, committed 14976K, reserved 1048576K
}
Event: 16.073 GC heap before
{Heap before GC invocations=34 (full 0):
 garbage-first heap   total 150528K, used 139011K [0x0000000080000000, 0x0000000100000000)
  region size 1024K, 47 young (48128K), 6 survivors (6144K)
 Metaspace       used 105877K, committed 107904K, reserved 1179648K
  class space    used 14396K, committed 15424K, reserved 1048576K
}
Event: 16.084 GC heap after
{Heap after GC invocations=35 (full 0):
 garbage-first heap   total 152576K, used 96969K [0x0000000080000000, 0x0000000100000000)
  region size 1024K, 6 young (6144K), 6 survivors (6144K)
 Metaspace       used 105877K, committed 107904K, reserved 1179648K
  class space    used 14396K, committed 15424K, reserved 1048576K
}
Event: 16.734 GC heap before
{Heap before GC invocations=35 (full 0):
 garbage-first heap   total 152576K, used 136905K [0x0000000080000000, 0x0000000100000000)
  region size 1024K, 46 young (47104K), 6 survivors (6144K)
 Metaspace       used 106902K, committed 108864K, reserved 1179648K
  class space    used 14543K, committed 15552K, reserved 1048576K
}
Event: 16.744 GC heap after
{Heap after GC invocations=36 (full 0):
 garbage-first heap   total 152576K, used 101977K [0x0000000080000000, 0x0000000100000000)
  region size 1024K, 5 young (5120K), 5 survivors (5120K)
 Metaspace       used 106902K, committed 108864K, reserved 1179648K
  class space    used 14543K, committed 15552K, reserved 1048576K
}
Event: 17.153 GC heap before
{Heap before GC invocations=37 (full 0):
 garbage-first heap   total 173056K, used 135769K [0x0000000080000000, 0x0000000100000000)
  region size 1024K, 39 young (39936K), 5 survivors (5120K)
 Metaspace       used 107172K, committed 109120K, reserved 1179648K
  class space    used 14549K, committed 15552K, reserved 1048576K
}
Event: 17.158 GC heap after
{Heap after GC invocations=38 (full 0):
 garbage-first heap   total 173056K, used 104431K [0x0000000080000000, 0x0000000100000000)
  region size 1024K, 3 young (3072K), 3 survivors (3072K)
 Metaspace       used 107172K, committed 109120K, reserved 1179648K
  class space    used 14549K, committed 15552K, reserved 1048576K
}
Event: 17.748 GC heap before
{Heap before GC invocations=38 (full 0):
 garbage-first heap   total 173056K, used 158703K [0x0000000080000000, 0x0000000100000000)
  region size 1024K, 57 young (58368K), 3 survivors (3072K)
 Metaspace       used 109407K, committed 111424K, reserved 1179648K
  class space    used 14805K, committed 15808K, reserved 1048576K
}
Event: 17.755 GC heap after
{Heap after GC invocations=39 (full 0):
 garbage-first heap   total 173056K, used 107569K [0x0000000080000000, 0x0000000100000000)
  region size 1024K, 6 young (6144K), 6 survivors (6144K)
 Metaspace       used 109407K, committed 111424K, reserved 1179648K
  class space    used 14805K, committed 15808K, reserved 1048576K
}
Event: 18.454 GC heap before
{Heap before GC invocations=39 (full 0):
 garbage-first heap   total 173056K, used 155697K [0x0000000080000000, 0x0000000100000000)
  region size 1024K, 54 young (55296K), 6 survivors (6144K)
 Metaspace       used 111194K, committed 113152K, reserved 1179648K
  class space    used 15013K, committed 16000K, reserved 1048576K
}
Event: 18.462 GC heap after
{Heap after GC invocations=40 (full 0):
 garbage-first heap   total 173056K, used 111234K [0x0000000080000000, 0x0000000100000000)
  region size 1024K, 7 young (7168K), 7 survivors (7168K)
 Metaspace       used 111194K, committed 113152K, reserved 1179648K
  class space    used 15013K, committed 16000K, reserved 1048576K
}

