# JRE version: OpenJDK Runtime Environment (21.0.6) (build 21.0.6+-13391695-b895.109)
# Java VM: OpenJDK 64-Bit Server VM (21.0.6+-13391695-b895.109, mixed mode, tiered, compressed oops, compressed class ptrs, g1 gc, windows-amd64)
GC Precious Log:
 CardTable entry size: 512
 Card Set container configuration: InlinePtr #cards 5 size 8 Array Of Cards #cards 12 size 40 Howl #buckets 4 coarsen threshold 1843 Howl Bitmap #cards 512 size 80 coarsen threshold 460 Card regions per heap region 1 cards per card region 2048
 CPUs: 8 total, 8 available
 Memory: 7582M
 Large Page Support: Disabled
 NUMA Support: Disabled
 Compressed Oops: Enabled (32-bit)
 Heap Region Size: 1M
 Heap Min Capacity: 8M
 Heap Initial Capacity: 120M
 Heap Max Capacity: 256M
 Pre-touch: Disabled
 Parallel Workers: 8
 Concurrent Workers: 2
 Concurrent Refinement Workers: 8
 Periodic GC: Disabled
Heap:
 garbage-first heap   total 112640K, used 93656K [0x00000000f0000000, 0x0000000100000000)
  region size 1024K, 27 young (27648K), 5 survivors (5120K)
 Metaspace       used 51886K, committed 53376K, reserved 1114112K
  class space    used 6892K, committed 7616K, reserved 1048576K
GC Heap History (20 events):
Event: 3.022 GC heap before
{Heap before GC invocations=3 (full 0):
 garbage-first heap   total 122880K, used 32240K [0x00000000f0000000, 0x0000000100000000)
  region size 1024K, 24 young (24576K), 9 survivors (9216K)
 Metaspace       used 21223K, committed 21504K, reserved 1114112K
  class space    used 2424K, committed 2560K, reserved 1048576K
}
Event: 3.027 GC heap after
{Heap after GC invocations=4 (full 0):
 garbage-first heap   total 122880K, used 20613K [0x00000000f0000000, 0x0000000100000000)
  region size 1024K, 3 young (3072K), 3 survivors (3072K)
 Metaspace       used 21223K, committed 21504K, reserved 1114112K
  class space    used 2424K, committed 2560K, reserved 1048576K
}
Event: 4.040 GC heap before
{Heap before GC invocations=5 (full 0):
 garbage-first heap   total 71680K, used 59525K [0x00000000f0000000, 0x0000000100000000)
  region size 1024K, 42 young (43008K), 3 survivors (3072K)
 Metaspace       used 27879K, committed 28480K, reserved 1114112K
  class space    used 3452K, committed 3712K, reserved 1048576K
}
Event: 4.047 GC heap after
{Heap after GC invocations=6 (full 0):
 garbage-first heap   total 71680K, used 22157K [0x00000000f0000000, 0x0000000100000000)
  region size 1024K, 4 young (4096K), 4 survivors (4096K)
 Metaspace       used 27879K, committed 28480K, reserved 1114112K
  class space    used 3452K, committed 3712K, reserved 1048576K
}
Event: 5.273 GC heap before
{Heap before GC invocations=6 (full 0):
 garbage-first heap   total 71680K, used 54925K [0x00000000f0000000, 0x0000000100000000)
  region size 1024K, 37 young (37888K), 4 survivors (4096K)
 Metaspace       used 32225K, committed 32960K, reserved 1114112K
  class space    used 4199K, committed 4544K, reserved 1048576K
}
Event: 5.284 GC heap after
{Heap after GC invocations=7 (full 0):
 garbage-first heap   total 71680K, used 24756K [0x00000000f0000000, 0x0000000100000000)
  region size 1024K, 5 young (5120K), 5 survivors (5120K)
 Metaspace       used 32225K, committed 32960K, reserved 1114112K
  class space    used 4199K, committed 4544K, reserved 1048576K
}
Event: 5.838 GC heap before
{Heap before GC invocations=7 (full 0):
 garbage-first heap   total 71680K, used 45236K [0x00000000f0000000, 0x0000000100000000)
  region size 1024K, 26 young (26624K), 5 survivors (5120K)
 Metaspace       used 35129K, committed 35968K, reserved 1114112K
  class space    used 4692K, committed 5120K, reserved 1048576K
}
Event: 5.844 GC heap after
{Heap after GC invocations=8 (full 0):
 garbage-first heap   total 71680K, used 26434K [0x00000000f0000000, 0x0000000100000000)
  region size 1024K, 5 young (5120K), 5 survivors (5120K)
 Metaspace       used 35129K, committed 35968K, reserved 1114112K
  class space    used 4692K, committed 5120K, reserved 1048576K
}
Event: 6.310 GC heap before
{Heap before GC invocations=9 (full 0):
 garbage-first heap   total 72704K, used 70466K [0x00000000f0000000, 0x0000000100000000)
  region size 1024K, 21 young (21504K), 5 survivors (5120K)
 Metaspace       used 36358K, committed 37312K, reserved 1114112K
  class space    used 4910K, committed 5376K, reserved 1048576K
}
Event: 6.317 GC heap after
{Heap after GC invocations=10 (full 0):
 garbage-first heap   total 82944K, used 60604K [0x00000000f0000000, 0x0000000100000000)
  region size 1024K, 5 young (5120K), 5 survivors (5120K)
 Metaspace       used 36358K, committed 37312K, reserved 1114112K
  class space    used 4910K, committed 5376K, reserved 1048576K
}
Event: 6.619 GC heap before
{Heap before GC invocations=10 (full 0):
 garbage-first heap   total 82944K, used 71868K [0x00000000f0000000, 0x0000000100000000)
  region size 1024K, 16 young (16384K), 5 survivors (5120K)
 Metaspace       used 37861K, committed 38784K, reserved 1114112K
  class space    used 5104K, committed 5568K, reserved 1048576K
}
Event: 6.623 GC heap after
{Heap after GC invocations=11 (full 0):
 garbage-first heap   total 82944K, used 60404K [0x00000000f0000000, 0x0000000100000000)
  region size 1024K, 1 young (1024K), 1 survivors (1024K)
 Metaspace       used 37861K, committed 38784K, reserved 1114112K
  class space    used 5104K, committed 5568K, reserved 1048576K
}
Event: 7.192 GC heap before
{Heap before GC invocations=11 (full 0):
 garbage-first heap   total 82944K, used 74740K [0x00000000f0000000, 0x0000000100000000)
  region size 1024K, 15 young (15360K), 1 survivors (1024K)
 Metaspace       used 39465K, committed 40512K, reserved 1114112K
  class space    used 5376K, committed 5888K, reserved 1048576K
}
Event: 7.195 GC heap after
{Heap after GC invocations=12 (full 0):
 garbage-first heap   total 82944K, used 61067K [0x00000000f0000000, 0x0000000100000000)
  region size 1024K, 2 young (2048K), 2 survivors (2048K)
 Metaspace       used 39465K, committed 40512K, reserved 1114112K
  class space    used 5376K, committed 5888K, reserved 1048576K
}
Event: 7.465 GC heap before
{Heap before GC invocations=13 (full 0):
 garbage-first heap   total 104448K, used 73355K [0x00000000f0000000, 0x0000000100000000)
  region size 1024K, 14 young (14336K), 2 survivors (2048K)
 Metaspace       used 40899K, committed 42048K, reserved 1114112K
  class space    used 5605K, committed 6144K, reserved 1048576K
}
Event: 7.467 GC heap after
{Heap after GC invocations=14 (full 0):
 garbage-first heap   total 104448K, used 61668K [0x00000000f0000000, 0x0000000100000000)
  region size 1024K, 2 young (2048K), 2 survivors (2048K)
 Metaspace       used 40899K, committed 42048K, reserved 1114112K
  class space    used 5605K, committed 6144K, reserved 1048576K
}
Event: 8.154 GC heap before
{Heap before GC invocations=14 (full 0):
 garbage-first heap   total 104448K, used 92388K [0x00000000f0000000, 0x0000000100000000)
  region size 1024K, 33 young (33792K), 2 survivors (2048K)
 Metaspace       used 45279K, committed 46656K, reserved 1114112K
  class space    used 6305K, committed 7040K, reserved 1048576K
}
Event: 8.158 GC heap after
{Heap after GC invocations=15 (full 0):
 garbage-first heap   total 104448K, used 63365K [0x00000000f0000000, 0x0000000100000000)
  region size 1024K, 4 young (4096K), 4 survivors (4096K)
 Metaspace       used 45279K, committed 46656K, reserved 1114112K
  class space    used 6305K, committed 7040K, reserved 1048576K
}
Event: 8.730 GC heap before
{Heap before GC invocations=15 (full 0):
 garbage-first heap   total 104448K, used 92037K [0x00000000f0000000, 0x0000000100000000)
  region size 1024K, 33 young (33792K), 4 survivors (4096K)
 Metaspace       used 50091K, committed 51456K, reserved 1114112K
  class space    used 6766K, committed 7424K, reserved 1048576K
}
Event: 8.736 GC heap after
{Heap after GC invocations=16 (full 0):
 garbage-first heap   total 104448K, used 67032K [0x00000000f0000000, 0x0000000100000000)
  region size 1024K, 5 young (5120K), 5 survivors (5120K)
 Metaspace       used 50091K, committed 51456K, reserved 1114112K
  class space    used 6766K, committed 7424K, reserved 1048576K
}

